0 verbose cli /Users/Vinod/.nvm/versions/node/v18.20.8/bin/node /Users/Vinod/.nvm/versions/node/v18.20.8/lib/node_modules/npm/bin/npm-cli.js
1 info using npm@10.8.2
2 info using node@v18.20.8
3 silly config load:file:/Users/Vinod/.nvm/versions/node/v18.20.8/lib/node_modules/npm/npmrc
4 silly config load:file:/Users/Vinod/Documents/GitHub/community-rule/.npmrc
5 silly config load:file:/Users/Vinod/.npmrc
6 silly config load:file:/Users/Vinod/.nvm/versions/node/v18.20.8/etc/npmrc
7 verbose title npm exec prettier --write .
8 verbose argv "exec" "--" "prettier" "--write" "."
9 verbose logfile logs-max:10 dir:/Users/Vinod/Documents/GitHub/community-rule/.npm-cache/_logs/2025-12-11T16_04_19_689Z-
10 verbose logfile /Users/Vinod/Documents/GitHub/community-rule/.npm-cache/_logs/2025-12-11T16_04_19_689Z-debug-0.log
11 silly logfile done cleaning log files
12 silly packumentCache heap:4345298944 maxSize:1086324736 maxEntrySize:543162368
13 http fetch GET 200 https://registry.npmjs.org/prettier 172ms (cache miss)
14 silly packumentCache heap:4345298944 maxSize:1086324736 maxEntrySize:543162368
15 silly packumentCache heap:4345298944 maxSize:1086324736 maxEntrySize:543162368
16 warn exec The following package was not found and will be installed: prettier@3.7.4
17 silly idealTree buildDeps
18 silly fetch manifest prettier@3.7.4
19 silly packumentCache full:https://registry.npmjs.org/prettier cache-miss
20 http fetch GET 200 https://registry.npmjs.org/prettier 64ms (cache miss)
21 silly packumentCache full:https://registry.npmjs.org/prettier set size:undefined disposed:false
22 silly placeDep ROOT prettier@3.7.4 OK for:  want: 3.7.4
23 silly reify moves {}
24 silly audit bulk request { prettier: [ '3.7.4' ] }
25 silly tarball no local data for prettier@https://registry.npmjs.org/prettier/-/prettier-3.7.4.tgz. Extracting by manifest.
26 http fetch POST 200 https://registry.npmjs.org/-/npm/v1/security/advisories/bulk 103ms
27 silly audit report {}
28 http fetch GET 200 https://registry.npmjs.org/prettier/-/prettier-3.7.4.tgz 307ms (cache miss)
29 verbose cwd /Users/Vinod/Documents/GitHub/community-rule
30 verbose os Darwin 24.6.0
31 verbose node v18.20.8
32 verbose npm  v10.8.2
33 verbose exit 0
34 info ok
